c:\compsci2020\vendingmachine\vendingmachine\debug\vc142.pdb
c:\compsci2020\vendingmachine\vendingmachine\debug\vc142.idb
c:\compsci2020\vendingmachine\vendingmachine\debug\source.nativecodeanalysis.sarif
c:\compsci2020\vendingmachine\vendingmachine\debug\source.nativecodeanalysis.xml
c:\compsci2020\vendingmachine\vendingmachine\debug\popcorn.nativecodeanalysis.sarif
c:\compsci2020\vendingmachine\vendingmachine\debug\popcorn.nativecodeanalysis.xml
c:\compsci2020\vendingmachine\vendingmachine\debug\pizza.nativecodeanalysis.sarif
c:\compsci2020\vendingmachine\vendingmachine\debug\pizza.nativecodeanalysis.xml
c:\compsci2020\vendingmachine\vendingmachine\debug\hotdog.nativecodeanalysis.sarif
c:\compsci2020\vendingmachine\vendingmachine\debug\hotdog.nativecodeanalysis.xml
c:\compsci2020\vendingmachine\vendingmachine\debug\food.nativecodeanalysis.sarif
c:\compsci2020\vendingmachine\vendingmachine\debug\food.nativecodeanalysis.xml
c:\compsci2020\vendingmachine\vendingmachine\debug\candy.nativecodeanalysis.sarif
c:\compsci2020\vendingmachine\vendingmachine\debug\candy.nativecodeanalysis.xml
c:\compsci2020\vendingmachine\vendingmachine\debug\beverage.nativecodeanalysis.sarif
c:\compsci2020\vendingmachine\vendingmachine\debug\beverage.nativecodeanalysis.xml
c:\compsci2020\vendingmachine\vendingmachine\debug\beverage.obj
c:\compsci2020\vendingmachine\vendingmachine\debug\candy.obj
c:\compsci2020\vendingmachine\vendingmachine\debug\food.obj
c:\compsci2020\vendingmachine\vendingmachine\debug\hotdog.obj
c:\compsci2020\vendingmachine\vendingmachine\debug\pizza.obj
c:\compsci2020\vendingmachine\vendingmachine\debug\popcorn.obj
c:\compsci2020\vendingmachine\vendingmachine\debug\source.obj
c:\compsci2020\vendingmachine\debug\vendingmachine.ilk
c:\compsci2020\vendingmachine\debug\vendingmachine.exe
c:\compsci2020\vendingmachine\debug\vendingmachine.pdb
c:\compsci2020\vendingmachine\vendingmachine\debug\nativecodeanalysis.read.1.tlog
c:\compsci2020\vendingmachine\vendingmachine\debug\vc.nativecodeanalysis.all.xml
c:\compsci2020\vendingmachine\vendingmachine\debug\vendingmachine.tlog\cl.command.1.tlog
c:\compsci2020\vendingmachine\vendingmachine\debug\vendingmachine.tlog\cl.read.1.tlog
c:\compsci2020\vendingmachine\vendingmachine\debug\vendingmachine.tlog\cl.write.1.tlog
c:\compsci2020\vendingmachine\vendingmachine\debug\vendingmachine.tlog\link.command.1.tlog
c:\compsci2020\vendingmachine\vendingmachine\debug\vendingmachine.tlog\link.read.1.tlog
c:\compsci2020\vendingmachine\vendingmachine\debug\vendingmachine.tlog\link.write.1.tlog
